<?xml version="1.0" encoding="UTF-8"?>
<!-- Generated by org.testng.reporters.JUnitReportReporter -->
<testsuite skipped="0" hostname="QT-INBG-LT0450" name="TestNGClasses.EndToEndFlow" tests="2" failures="0" timestamp="2019-12-30T16:10:19 IST" time="101.678" errors="0">
  <testcase name="firstTest" time="48.894" classname="TestNGClasses.EndToEndFlow"/>
  <testcase name="secondTest" time="52.784" classname="TestNGClasses.EndToEndFlow"/>
</testsuite> <!-- TestNGClasses.EndToEndFlow -->
